[debug] [2021-05-20T19:35:47.784Z] ----------------------------------------------------------------------
[debug] [2021-05-20T19:35:47.787Z] Command:       C:\Program Files\nodejs\node.exe C:\Users\younu\AppData\Roaming\npm\node_modules\firebase-tools\lib\bin\firebase.js init
[debug] [2021-05-20T19:35:47.788Z] CLI Version:   9.11.0
[debug] [2021-05-20T19:35:47.788Z] Platform:      win32
[debug] [2021-05-20T19:35:47.788Z] Node Version:  v14.15.4
[debug] [2021-05-20T19:35:47.790Z] Time:          Fri May 21 2021 00:35:47 GMT+0500 (Pakistan Standard Time)
[debug] [2021-05-20T19:35:47.790Z] ----------------------------------------------------------------------
[debug] 
[debug] [2021-05-20T19:35:47.800Z] > command requires scopes: ["email","openid","https://www.googleapis.com/auth/cloudplatformprojects.readonly","https://www.googleapis.com/auth/firebase","https://www.googleapis.com/auth/cloud-platform"]
[debug] [2021-05-20T19:35:47.800Z] > authorizing via signed-in user (younusraza909@gmail.com)
[info] 
     ######## #### ########  ######## ########     ###     ######  ########
     ##        ##  ##     ## ##       ##     ##  ##   ##  ##       ##
     ######    ##  ########  ######   ########  #########  ######  ######
     ##        ##  ##    ##  ##       ##     ## ##     ##       ## ##
     ##       #### ##     ## ######## ########  ##     ##  ######  ########

You're about to initialize a Firebase project in this directory:

  D:\disney-plus-clone

[info] 
=== Project Setup
[info] 
[info] First, let's associate this project directory with a Firebase project.
[info] You can create multiple project aliases by running firebase use --add, 
[info] but for now we'll just set up a default project.
[info] 
[debug] [2021-05-20T19:36:01.116Z] >>> [apiv2][query] GET https://firebase.googleapis.com/v1beta1/projects pageSize=100
[debug] [2021-05-20T19:36:01.742Z] <<< [apiv2][status] GET https://firebase.googleapis.com/v1beta1/projects 200
[debug] [2021-05-20T19:36:01.742Z] <<< [apiv2][body] GET https://firebase.googleapis.com/v1beta1/projects [omitted]
[info] i  Using project crwn-clothing-db-f2925 (crwn-clothing-db) 
[info] 
=== Hosting Setup
[info] 
[info] Your public directory is the folder (relative to your project directory) that
[info] will contain Hosting assets to be uploaded with firebase deploy. If you
[info] have a build process for your assets, use your build's output directory.
[info] 
